<?xml version="1.0" encoding="UTF-8"?>
<!-- Generated by org.testng.reporters.JUnitReportReporter -->
<testsuite hostname="DESKTOP-SJC7LE0" failures="0" tests="1" name="automationTestScripts.Login.LoginTest" time="10.764" errors="0" timestamp="16 Feb 2024 06:34:10 GMT" skipped="0">
  <testcase classname="automationTestScripts.Login.LoginTest" name="loginpage" time="10.764"/>
</testsuite> <!-- automationTestScripts.Login.LoginTest -->
